◇ injecting env (7) from .env // tip: ◈ encrypted .env [www.dotenvx.com]
Server running on port 3000 in development mode
[0mPOST /api/v1/auth/login [32m200[0m 246.899 ms - 702[0m
Error: UnauthorizedError: Invalid or expired token
    at authenticate (file:///Users/celestial/Desktop/tech-api/src/middlewares/auth.js:37:12)
    at Layer.handleRequest (/Users/celestial/Desktop/tech-api/node_modules/router/lib/layer.js:152:17)
    at next (/Users/celestial/Desktop/tech-api/node_modules/router/lib/route.js:157:13)
    at Route.dispatch (/Users/celestial/Desktop/tech-api/node_modules/router/lib/route.js:117:3)
    at handle (/Users/celestial/Desktop/tech-api/node_modules/router/index.js:435:11)
    at Layer.handleRequest (/Users/celestial/Desktop/tech-api/node_modules/router/lib/layer.js:152:17)
    at /Users/celestial/Desktop/tech-api/node_modules/router/index.js:295:15
    at processParams (/Users/celestial/Desktop/tech-api/node_modules/router/index.js:582:12)
    at next (/Users/celestial/Desktop/tech-api/node_modules/router/index.js:291:5)
    at Function.handle (/Users/celestial/Desktop/tech-api/node_modules/router/index.js:186:3) {
  statusCode: 401
}
[0mPOST /api/v1/auth/logout [33m401[0m 7.245 ms - 54[0m
[0mPOST /api/v1/auth/refresh [32m200[0m 5.286 ms - 466[0m
[0mPOST /api/v1/auth/logout [32m200[0m 1.717 ms - 58[0m
[0mPOST /api/v1/auth/login [32m200[0m 227.403 ms - 701[0m
[0mGET /api/v1/dashboard/stats [36m304[0m 5.553 ms - -[0m
[0mGET /api/v1/dashboard/overview [36m304[0m 2.146 ms - -[0m
[0mGET /api/v1/classes [36m304[0m 1.624 ms - -[0m
[0mPOST /api/v1/auth/logout [32m200[0m 2.451 ms - 58[0m
[0mPOST /api/v1/auth/login [32m200[0m 225.526 ms - 701[0m
[0mGET /api/v1/dashboard/stats [36m304[0m 2.046 ms - -[0m
[0mGET /api/v1/dashboard/overview [36m304[0m 2.163 ms - -[0m
[0mGET /api/v1/classes [36m304[0m 1.786 ms - -[0m
[0mGET /api/v1/classes [36m304[0m 3.101 ms - -[0m
[0mGET /api/v1/teachers [36m304[0m 3.159 ms - -[0m
[0mGET /api/v1/dashboard/stats [36m304[0m 2.815 ms - -[0m
[0mGET /api/v1/dashboard/overview [36m304[0m 4.283 ms - -[0m
[0mGET /api/v1/classes [36m304[0m 3.531 ms - -[0m
